Start testing: Jan 11 14:45 PST
----------------------------------------------------------
1/1 Testing: TestProject
1/1 Test: TestProject
Command: "/home/jazicate/SecureCryptoProject/bin/TestProject"
Directory: /home/jazicate/SecureCryptoProject/build
"TestProject" start time: Jan 11 14:45 PST
Output:
----------------------------------------------------------
===============================================================================
All tests passed (7 assertions in 5 test cases)

<end of output>
Test time =   0.03 sec
----------------------------------------------------------
Test Passed.
"TestProject" end time: Jan 11 14:45 PST
"TestProject" time elapsed: 00:00:00
----------------------------------------------------------

End testing: Jan 11 14:45 PST
